<?xml version="1.0" encoding="UTF-8"?>
<testsuite name="budget.PurchaseTest" tests="2" skipped="0" failures="0" errors="0" timestamp="2024-07-17T20:22:16" hostname="LAPTOP-76T8KHA9" time="0.001">
  <properties/>
  <testcase name="testConstructorsAndGetters" classname="budget.PurchaseTest" time="0.001"/>
  <testcase name="testConstructorsAndSetters" classname="budget.PurchaseTest" time="0.0"/>
  <system-out><![CDATA[]]></system-out>
  <system-err><![CDATA[]]></system-err>
</testsuite>
