<?xml version="1.0" encoding="UTF-8"?>
<testsuite name="budget.BudgetManagerTest" tests="3" skipped="0" failures="0" errors="0" timestamp="2024-07-17T20:22:16" hostname="LAPTOP-76T8KHA9" time="0.007">
  <properties/>
  <testcase name="budgetManagerInitTest" classname="budget.BudgetManagerTest" time="0.005"/>
  <testcase name="addPurchasesTest" classname="budget.BudgetManagerTest" time="0.0"/>
  <testcase name="calculateTotalAmountTest" classname="budget.BudgetManagerTest" time="0.0"/>
  <system-out><![CDATA[]]></system-out>
  <system-err><![CDATA[]]></system-err>
</testsuite>
